Determining if the pthread_create exist failed with the following output:
Change Dir: /home/pi/got2/libwallaby-v25.4/libwallaby-25.5/obj-arm-linux-gnueabihf/CMakeFiles/CMakeTmp

Run Build Command:"/usr/bin/make" "cmTryCompileExec3817595611/fast"
make[1]: Entering directory '/home/pi/got2/libwallaby-v25.4/libwallaby-25.5/obj-arm-linux-gnueabihf/CMakeFiles/CMakeTmp'
/usr/bin/make -f CMakeFiles/cmTryCompileExec3817595611.dir/build.make CMakeFiles/cmTryCompileExec3817595611.dir/build
make[2]: Entering directory '/home/pi/got2/libwallaby-v25.4/libwallaby-25.5/obj-arm-linux-gnueabihf/CMakeFiles/CMakeTmp'
/usr/bin/cmake -E cmake_progress_report /home/pi/got2/libwallaby-v25.4/libwallaby-25.5/obj-arm-linux-gnueabihf/CMakeFiles/CMakeTmp/CMakeFiles 1
Building C object CMakeFiles/cmTryCompileExec3817595611.dir/CheckSymbolExists.c.o
/usr/bin/cc   -g -O2 -fstack-protector-strong -Wformat -Werror=format-security -D_FORTIFY_SOURCE=2     -o CMakeFiles/cmTryCompileExec3817595611.dir/CheckSymbolExists.c.o   -c /home/pi/got2/libwallaby-v25.4/libwallaby-25.5/obj-arm-linux-gnueabihf/CMakeFiles/CMakeTmp/CheckSymbolExists.c
Linking C executable cmTryCompileExec3817595611
/usr/bin/cmake -E cmake_link_script CMakeFiles/cmTryCompileExec3817595611.dir/link.txt --verbose=1
/usr/bin/cc  -g -O2 -fstack-protector-strong -Wformat -Werror=format-security -D_FORTIFY_SOURCE=2     -Wl,-z,relro CMakeFiles/cmTryCompileExec3817595611.dir/CheckSymbolExists.c.o  -o cmTryCompileExec3817595611 -rdynamic 
CMakeFiles/cmTryCompileExec3817595611.dir/CheckSymbolExists.c.o: In function `main':
/home/pi/got2/libwallaby-v25.4/libwallaby-25.5/obj-arm-linux-gnueabihf/CMakeFiles/CMakeTmp/CheckSymbolExists.c:13: undefined reference to `pthread_create'
collect2: error: ld returned 1 exit status
CMakeFiles/cmTryCompileExec3817595611.dir/build.make:88: recipe for target 'cmTryCompileExec3817595611' failed
make[2]: Leaving directory '/home/pi/got2/libwallaby-v25.4/libwallaby-25.5/obj-arm-linux-gnueabihf/CMakeFiles/CMakeTmp'
make[2]: *** [cmTryCompileExec3817595611] Error 1
Makefile:118: recipe for target 'cmTryCompileExec3817595611/fast' failed
make[1]: Leaving directory '/home/pi/got2/libwallaby-v25.4/libwallaby-25.5/obj-arm-linux-gnueabihf/CMakeFiles/CMakeTmp'
make[1]: *** [cmTryCompileExec3817595611/fast] Error 2

File /home/pi/got2/libwallaby-v25.4/libwallaby-25.5/obj-arm-linux-gnueabihf/CMakeFiles/CMakeTmp/CheckSymbolExists.c:
/* */
#include <pthread.h>

int main(int argc, char** argv)
{
  (void)argv;
#ifndef pthread_create
  return ((int*)(&pthread_create))[argc];
#else
  (void)argc;
  return 0;
#endif
}

Determining if the function pthread_create exists in the pthreads failed with the following output:
Change Dir: /home/pi/got2/libwallaby-v25.4/libwallaby-25.5/obj-arm-linux-gnueabihf/CMakeFiles/CMakeTmp

Run Build Command:"/usr/bin/make" "cmTryCompileExec1294083746/fast"
make[1]: Entering directory '/home/pi/got2/libwallaby-v25.4/libwallaby-25.5/obj-arm-linux-gnueabihf/CMakeFiles/CMakeTmp'
/usr/bin/make -f CMakeFiles/cmTryCompileExec1294083746.dir/build.make CMakeFiles/cmTryCompileExec1294083746.dir/build
make[2]: Entering directory '/home/pi/got2/libwallaby-v25.4/libwallaby-25.5/obj-arm-linux-gnueabihf/CMakeFiles/CMakeTmp'
/usr/bin/cmake -E cmake_progress_report /home/pi/got2/libwallaby-v25.4/libwallaby-25.5/obj-arm-linux-gnueabihf/CMakeFiles/CMakeTmp/CMakeFiles 1
Building C object CMakeFiles/cmTryCompileExec1294083746.dir/CheckFunctionExists.c.o
/usr/bin/cc   -g -O2 -fstack-protector-strong -Wformat -Werror=format-security -D_FORTIFY_SOURCE=2  -DCHECK_FUNCTION_EXISTS=pthread_create   -o CMakeFiles/cmTryCompileExec1294083746.dir/CheckFunctionExists.c.o   -c /usr/share/cmake-3.0/Modules/CheckFunctionExists.c
Linking C executable cmTryCompileExec1294083746
/usr/bin/cmake -E cmake_link_script CMakeFiles/cmTryCompileExec1294083746.dir/link.txt --verbose=1
/usr/bin/cc  -g -O2 -fstack-protector-strong -Wformat -Werror=format-security -D_FORTIFY_SOURCE=2  -DCHECK_FUNCTION_EXISTS=pthread_create   -Wl,-z,relro CMakeFiles/cmTryCompileExec1294083746.dir/CheckFunctionExists.c.o  -o cmTryCompileExec1294083746 -rdynamic -lpthreads 
/usr/bin/ld: cannot find -lpthreads
collect2: error: ld returned 1 exit status
CMakeFiles/cmTryCompileExec1294083746.dir/build.make:88: recipe for target 'cmTryCompileExec1294083746' failed
make[2]: Leaving directory '/home/pi/got2/libwallaby-v25.4/libwallaby-25.5/obj-arm-linux-gnueabihf/CMakeFiles/CMakeTmp'
make[2]: *** [cmTryCompileExec1294083746] Error 1
Makefile:118: recipe for target 'cmTryCompileExec1294083746/fast' failed
make[1]: *** [cmTryCompileExec1294083746/fast] Error 2
make[1]: Leaving directory '/home/pi/got2/libwallaby-v25.4/libwallaby-25.5/obj-arm-linux-gnueabihf/CMakeFiles/CMakeTmp'


